TN:
SF:src/services/index.ts
FN:7,(anonymous_0)
FN:17,(anonymous_1)
FN:26,(anonymous_2)
FN:40,(anonymous_3)
FNF:4
FNH:0
FNDA:0,(anonymous_0)
FNDA:0,(anonymous_1)
FNDA:0,(anonymous_2)
FNDA:0,(anonymous_3)
DA:2,1
DA:3,1
DA:7,1
DA:8,0
DA:9,0
DA:10,0
DA:11,0
DA:13,0
DA:17,1
DA:18,0
DA:19,0
DA:20,0
DA:21,0
DA:23,0
DA:26,1
DA:27,0
DA:28,0
DA:33,0
DA:34,0
DA:35,0
DA:37,0
DA:40,1
DA:41,0
DA:42,0
DA:47,0
DA:48,0
DA:49,0
DA:51,0
LF:28
LH:6
BRF:0
BRH:0
end_of_record
TN:
SF:src/store/missionManagment/missionManagment.ts
FN:7,createNew
FN:10,postCurrent
FN:23,(anonymous_2)
FN:32,(anonymous_3)
FN:54,(anonymous_4)
FN:64,(anonymous_5)
FN:79,(anonymous_6)
FN:82,(anonymous_7)
FNF:8
FNH:6
FNDA:1,createNew
FNDA:1,postCurrent
FNDA:9,(anonymous_2)
FNDA:21,(anonymous_3)
FNDA:17,(anonymous_4)
FNDA:14,(anonymous_5)
FNDA:0,(anonymous_6)
FNDA:0,(anonymous_7)
DA:1,1
DA:3,1
DA:4,1
DA:8,1
DA:11,1
DA:12,1
DA:15,1
DA:24,9
DA:25,9
DA:26,1
DA:29,9
DA:31,8
DA:32,21
DA:33,8
DA:34,1
DA:35,1
DA:36,1
DA:38,7
DA:39,7
DA:40,1
DA:41,1
DA:42,1
DA:44,6
DA:45,6
DA:46,6
DA:47,1
DA:48,1
DA:49,1
DA:53,5
DA:54,5
DA:55,17
DA:56,10
DA:59,5
DA:60,5
DA:61,1
DA:62,1
DA:64,14
DA:65,4
DA:66,2
DA:67,2
DA:68,2
DA:70,2
DA:71,2
DA:72,2
DA:73,1
DA:75,1
DA:80,0
DA:83,0
DA:84,0
DA:89,1
DA:91,1
LF:51
LH:48
BRDA:11,0,0,1
BRDA:25,1,0,1
BRDA:29,2,0,8
BRDA:33,3,0,1
BRDA:39,4,0,1
BRDA:46,5,0,1
BRDA:55,6,0,10
BRDA:60,7,0,1
BRDA:65,8,0,2
BRDA:72,9,0,1
BRDA:72,9,1,1
BRF:11
BRH:11
end_of_record
TN:
SF:src/utils/index.ts
FN:1,hasDuplicates
FN:6,debounce
FN:11,(anonymous_2)
FN:15,(anonymous_3)
FN:20,convertToDate
FN:27,changeDateFormatTo
FN:32,formateForDateInput
FN:38,daysTo
FNF:8
FNH:5
FNDA:7,hasDuplicates
FNDA:0,debounce
FNDA:0,(anonymous_2)
FNDA:0,(anonymous_3)
FNDA:3,convertToDate
FNDA:1,changeDateFormatTo
FNDA:1,formateForDateInput
FNDA:1,daysTo
DA:1,2
DA:2,7
DA:3,7
DA:6,2
DA:10,0
DA:11,0
DA:12,0
DA:13,0
DA:15,0
DA:16,0
DA:20,2
DA:22,3
DA:23,3
DA:24,3
DA:27,2
DA:29,1
DA:30,1
DA:32,2
DA:34,1
DA:35,1
DA:38,2
DA:39,1
DA:40,1
DA:42,1
LF:24
LH:18
BRDA:2,0,0,7
BRDA:12,1,0,0
BRF:2
BRH:1
end_of_record
